Loading parquet file: /home/openclaw/.cache/huggingface/hub/datasets--oyi77--OpenMedallion/snapshots/006f38c73a17da4bd0953102713b6ea63356693d/data/training/ai/existing_p5.parquet
Loaded 48702 samples

Processing samples...
Processed 1000/48702 samples, extracted 448 sentiment examples
Processed 2000/48702 samples, extracted 896 sentiment examples
Processed 3000/48702 samples, extracted 1342 sentiment examples
Processed 8000/48702 samples, extracted 3587 sentiment examples
Processed 10000/48702 samples, extracted 4484 sentiment examples
Processed 11000/48702 samples, extracted 4930 sentiment examples
Processed 12000/48702 samples, extracted 5382 sentiment examples
Processed 17000/48702 samples, extracted 7624 sentiment examples
Processed 19000/48702 samples, extracted 8529 sentiment examples
Processed 20000/48702 samples, extracted 8979 sentiment examples
Processed 21000/48702 samples, extracted 9427 sentiment examples
Processed 26000/48702 samples, extracted 11675 sentiment examples
Processed 28000/48702 samples, extracted 12573 sentiment examples
Processed 29000/48702 samples, extracted 13022 sentiment examples
Processed 30000/48702 samples, extracted 13472 sentiment examples
Processed 35000/48702 samples, extracted 15730 sentiment examples
Processed 37000/48702 samples, extracted 16636 sentiment examples
Processed 38000/48702 samples, extracted 17086 sentiment examples
Processed 39000/48702 samples, extracted 17534 sentiment examples
Processed 44000/48702 samples, extracted 19776 sentiment examples
Processed 45000/48702 samples, extracted 20221 sentiment examples
Processed 46000/48702 samples, extracted 20670 sentiment examples
Processed 47000/48702 samples, extracted 21121 sentiment examples
Processed 48000/48702 samples, extracted 21571 sentiment examples

✓ Processing complete:
  Total samples: 48702
  Extracted: 21884
  Skipped: 26818

Label distribution:
  negative: 14795 (67.6%)
  neutral: 237 (1.1%)
  positive: 6852 (31.3%)

✓ Wrote 21884 examples to data/train.jsonl

✓ Sentiment data preparation complete!
